---------------------------------------------------------------------------
TxId	Txtype	Operation	ObId:Obvalue:optime	LockType	Status		TxStatus
T1	R 	BeginTx
T1			ReadTx	1:-1:10858	ReadLock	Granted	P
T1			ReadTx	2:-1:10858	ReadLock	Granted	P
T1			ReadTx	3:-1:10858	ReadLock	Granted	P
T1			ReadTx	8:-1:10858	ReadLock	Granted	P
T2	R 	BeginTx
T2			ReadTx	1:-2:1347	ReadLock	Granted	P
T2			ReadTx	8:-2:1347	ReadLock	Granted	P
T2			ReadTx	5:-1:1347	ReadLock	Granted	P
T3	R 	BeginTx
T3			ReadTx	1:-3:7066	ReadLock	Granted	P
T3			ReadTx	5:-2:7066	ReadLock	Granted	P
T3			ReadTx	3:-2:7066	ReadLock	Granted	P
T3			ReadTx	7:-1:7066	ReadLock	Granted	P
5 : -2, 8 : -2, 1 : -3, 
T2	Commit
7 : -1, 3 : -2, 5 : -2, 1 : -3, 
T3	Commit
8 : -2, 3 : -2, 2 : -1, 1 : -3, 
T1	Commit
