---------------------------------------------------------------------------
TxId	Txtype	Operation	ObId:Obvalue:optime	LockType	Status		TxStatus
T1	W 	BeginTx
T1			ReadTx	1:-1:10858	ReadLock	Granted	P
T1			WriteTx	2:1:10858	WriteLock	Granted	P
T1			ReadTx	3:-1:10858	ReadLock	Granted	P
T1			WriteTx	8:1:10858	WriteLock	Granted	P
T2	W 	BeginTx
T2			WriteTx	4:1:1347	WriteLock	Granted	P
T2			WriteTx	5:1:1347	WriteLock	Granted	P
T3	W 	BeginTx
T3			WriteTx	6:1:7066	WriteLock	Granted	P
T3			WriteTx	7:1:7066	WriteLock	Granted	P
T3			ReadTx	9:-1:7066	ReadLock	Granted	P
9 : -1, 7 : 1, 6 : 1, 
T3		  	Abort
5 : 1, 4 : 1, 
T2	Commit
8 : 1, 3 : -1, 2 : 1, 1 : -1, 
T1		  	Abort
T5	R 	BeginTx
T5			ReadTx	1:-2:6002	ReadLock	Granted	P
T5			ReadTx	2:0:6002	ReadLock	Granted	P
T5			ReadTx	3:-2:6002	ReadLock	Granted	P
T5			ReadTx	8:0:6002	ReadLock	Granted	P
T5			ReadTx	6:0:6002	ReadLock	Granted	P
T5			ReadTx	7:0:6002	ReadLock	Granted	P
7 : 0, 6 : 0, 8 : 0, 3 : -2, 2 : 0, 1 : -2, 
T5		  	Abort
