---------------------------------------------------------------------------
TxId	Txtype	Operation	ObId:Obvalue:optime	LockType	Status		TxStatus
T1	W 	BeginTx
T1			ReadTx	1:-1:10858	ReadLock	Granted	P
T1			WriteTx	2:1:10858	WriteLock	Granted	P
T1			ReadTx	3:-1:10858	ReadLock	Granted	P
T2	W 	BeginTx
T2			WriteTx	4:1:1347	WriteLock	Granted	P
T2			WriteTx	5:1:1347	WriteLock	Granted	P
T3	W 	BeginTx
T3			WriteTx	6:1:7066	WriteLock	Granted	P
T3			WriteTx	7:1:7066	WriteLock	Granted	P
T3			ReadTx	8:-1:7066	ReadLock	Granted	P
8 : -1, 7 : 1, 6 : 1, 
T3	Commit
5 : 1, 4 : 1, 
T2	Commit
3 : -1, 2 : 1, 1 : -1, 
T1	Commit
T5	R 	BeginTx
T5			ReadTx	9:-1:6002	ReadLock	Granted	P
T5			ReadTx	10:-1:6002	ReadLock	Granted	P
T5			ReadTx	11:-1:6002	ReadLock	Granted	P
T5			ReadTx	12:-1:6002	ReadLock	Granted	P
T5			ReadTx	13:-1:6002	ReadLock	Granted	P
T5			ReadTx	1:-2:6002	ReadLock	Granted	P
1 : -2, 13 : -1, 12 : -1, 11 : -1, 10 : -1, 9 : -1, 
T5	Commit
