
Initializing the TM

leaving TM initialization
// serial history
// serial history
// 2 transactions
// 2 transactions
// same disjoint objects accessed
// same disjoint objects accessed
// multiple times
// multiple times
Log disj_multi_accesses.log
Log file name:disj_multi_accesses.log

entering openlog

Given log file name: (null)
leaving openlog
BeginTx 1 W
BeginTx : 1

TxType : W


creating BeginTx thread for Tx: 1

finished creating BeginTx thread for Tx: 1
Read    1 1
Read : 1 : 1


creating TxRead thread for Tx: 1

exiting TxRead thread create for Tx: 1
Read    1 2
Read : 1 : 2


creating TxRead thread for Tx: 1

exiting TxRead thread create for Tx: 1
Write   1 3
Write : 1 : 3


creating TxRead thread for Tx: 1

exiting TxRead thread create for Tx: 1
Write   1 4
Write : 1 : 4


creating TxRead thread for Tx: 1

exiting TxRead thread create for Tx: 1
read    1 1
Read : 1 : 1


creating TxRead thread for Tx: 1

exiting TxRead thread create for Tx: 1
write   1 2
Write : 1 : 2


creating TxRead thread for Tx: 1

exiting TxRead thread create for Tx: 1
write   1 4
Write : 1 : 4


creating TxRead thread for Tx: 1

exiting TxRead thread create for Tx: 1
write   1 4
Write : 1 : 4


creating TxRead thread for Tx: 1

exiting TxRead thread create for Tx: 1
commit 1
Commit : 1


creating TxRead thread for Tx: 1

exiting TxRead thread create for Tx: 1
begintx 2 W
BeginTx : 2

TxType : W


creating BeginTx thread for Tx: 2
read done 1 1

finished creating BeginTx thread for Tx: 2
read    2 5
Read : 2 : 5


creating TxRead thread for Tx: 2

exiting TxRead thread create for Tx: 2
write   2 5
Write : 2 : 5


creating TxRead thread for Tx: 2

exiting TxRead thread create for Tx: 2
write   2 6
Write : 2 : 6


creating TxRead thread for Tx: 2

exiting TxRead thread create for Tx: 2
read    2 6
Read : 2 : 6


creating TxRead thread for Tx: 2

exiting TxRead thread create for Tx: 2
commit  2
Commit : 2


creating TxRead thread for Tx: 2

exiting TxRead thread create for Tx: 2
end all
Release all resources and exit:


Entering End of schedule thread with thrNum: 16
Wait for threads and cleanup
Thread 0 completed with ret value: 0
read done 2 5
read done 2 5
read done 2 6
read done 2 6

:::Hash node with Tid:2, obno:6 lockmode:X removed

:::Hash node with Tid:2, obno:5 lockmode:S removed
read done 1 2
Thread 1 completed with ret value: 0
read done 1 3
Thread 2 completed with ret value: 0
read done 1 4
Thread 3 completed with ret value: 0
read done 1 1
Thread 4 completed with ret value: 0
read done 1 2
Thread 5 completed with ret value: 0
read done 1 4
Thread 6 completed with ret value: 0
read done 1 4
Thread 7 completed with ret value: 0

:::Hash node with Tid:1, obno:4 lockmode:X removed

:::Hash node with Tid:1, obno:3 lockmode:X removed

:::Hash node with Tid:1, obno:2 lockmode:S removed

:::Hash node with Tid:1, obno:1 lockmode:S removed
Thread 8 completed with ret value: 0
Thread 9 completed with ret value: 0
Thread 10 completed with ret value: 0
Thread 11 completed with ret value: 0
Thread 12 completed with ret value: 0
Thread 13 completed with ret value: 0
Thread 14 completed with ret value: 0
Thread 15 completed with ret value: 0
ALL threads finished their work
Releasing mutexes and condpool
Releasing all semaphores
endTm completed

Finished end of schedule thread: endTm
