
Initializing the TM

leaving TM initialization
// Multiple RW Txs test case with no deadlock
// Multiple RW Txs test case with no deadlock
log RW_pot_ddlk.log
Log file name:RW_pot_ddlk.log

entering openlog

Given log file name: (null)
leaving openlog
// op	Tx#	type
// op	Tx#	type
// op	Tx#	Obj
// op	Tx#	Obj
BeginTx 1 W
BeginTx : 1

TxType : W


creating BeginTx thread for Tx: 1

finished creating BeginTx thread for Tx: 1
Read 1 1
Read : 1 : 1


creating TxRead thread for Tx: 1

exiting TxRead thread create for Tx: 1
Write 1 2
Write : 1 : 2


creating TxRead thread for Tx: 1

exiting TxRead thread create for Tx: 1
Read 1 3
Read : 1 : 3


creating TxRead thread for Tx: 1

exiting TxRead thread create for Tx: 1
Write 1 8
Write : 1 : 8


creating TxRead thread for Tx: 1

exiting TxRead thread create for Tx: 1
BeginTx 2 W
BeginTx : 2

TxType : W


creating BeginTx thread for Tx: 2

finished creating BeginTx thread for Tx: 2
Write 2 4
Write : 2 : 4


creating TxRead thread for Tx: 2

exiting TxRead thread create for Tx: 2
Write 2 5
Write : 2 : 5


creating TxRead thread for Tx: 2

exiting TxRead thread create for Tx: 2
BeginTx 3 W
BeginTx : 3

TxType : W


creating BeginTx thread for Tx: 3

finished creating BeginTx thread for Tx: 3
Write 3 6
Write : 3 : 6


creating TxRead thread for Tx: 3

exiting TxRead thread create for Tx: 3
Write 3 7
Write : 3 : 7


creating TxRead thread for Tx: 3

exiting TxRead thread create for Tx: 3
Read 3 9
Read : 3 : 9


creating TxRead thread for Tx: 3

exiting TxRead thread create for Tx: 3
Commit 3
Commit : 3


creating TxRead thread for Tx: 3

exiting TxRead thread create for Tx: 3
commit 2
Commit : 3


creating TxRead thread for Tx: 2

exiting TxRead thread create for Tx: 2
Commit 1
Commit : 2


creating TxRead thread for Tx: 1

exiting TxRead thread create for Tx: 1
begintx 5 R
BeginTx : 5

TxType : R


creating BeginTx thread for Tx: 5

finished creating BeginTx thread for Tx: 5
read 5 1
Read : 5 : 1


creating TxRead thread for Tx: 5

exiting TxRead thread create for Tx: 5
read 5 2
Read : 5 : 2


creating TxRead thread for Tx: 5

exiting TxRead thread create for Tx: 5
read 5 3
Read : 5 : 3


creating TxRead thread for Tx: 5

exiting TxRead thread create for Tx: 5
read 5 8
Read : 5 : 8


creating TxRead thread for Tx: 5

exiting TxRead thread create for Tx: 5
read 5 6
Read : 5 : 6


creating TxRead thread for Tx: 5

exiting TxRead thread create for Tx: 5
read 5 7
Read : 5 : 7


creating TxRead thread for Tx: 5

exiting TxRead thread create for Tx: 5
commit 5
Commit : 5


creating TxRead thread for Tx: 5

exiting TxRead thread create for Tx: 5
end all
Release all resources and exit:


Entering End of schedule thread with thrNum: 23
